2015-03-11 18:51:20,800 - ResourceManager : unable to find resource '/domain/zdm/article.template' in any resource loader.
2015-03-12 16:48:29,513 - ResourceManager.getResource() parse exception
org.apache.velocity.exception.ParseErrorException: Lexical error,   Encountered: "+" (43), after : "" at /ajax/dashboard.html[line 969, column 91]
	at org.apache.velocity.Template.process(Template.java:151)
	at org.apache.velocity.runtime.resource.ResourceManagerImpl.loadResource(ResourceManagerImpl.java:437)
	at org.apache.velocity.runtime.resource.ResourceManagerImpl.getResource(ResourceManagerImpl.java:352)
	at org.apache.velocity.runtime.RuntimeInstance.getTemplate(RuntimeInstance.java:1533)
	at org.apache.velocity.app.VelocityEngine.getTemplate(VelocityEngine.java:392)
	at net.ion.external.ics.common.HTMLTemplateEngine.process(HTMLTemplateEngine.java:115)
	at net.ion.nradon.handler.AbstractResourceHandler$1.run(AbstractResourceHandler.java:99)
	at java.util.concurrent.ThreadPoolExecutor.runWorker(ThreadPoolExecutor.java:1145)
	at java.util.concurrent.ThreadPoolExecutor$Worker.run(ThreadPoolExecutor.java:615)
	at java.lang.Thread.run(Thread.java:744)
2015-03-13 18:25:32,769 - ResourceManager.getResource() parse exception
org.apache.velocity.exception.ParseErrorException: Lexical error,   Encountered: "+" (43), after : "" at /ajax/dashboard.html[line 969, column 91]
	at org.apache.velocity.Template.process(Template.java:151)
	at org.apache.velocity.runtime.resource.ResourceManagerImpl.loadResource(ResourceManagerImpl.java:437)
	at org.apache.velocity.runtime.resource.ResourceManagerImpl.getResource(ResourceManagerImpl.java:352)
	at org.apache.velocity.runtime.RuntimeInstance.getTemplate(RuntimeInstance.java:1533)
	at org.apache.velocity.app.VelocityEngine.getTemplate(VelocityEngine.java:392)
	at net.ion.external.ics.common.HTMLTemplateEngine.process(HTMLTemplateEngine.java:115)
	at net.ion.nradon.handler.AbstractResourceHandler$1.run(AbstractResourceHandler.java:99)
	at java.util.concurrent.ThreadPoolExecutor.runWorker(ThreadPoolExecutor.java:1145)
	at java.util.concurrent.ThreadPoolExecutor$Worker.run(ThreadPoolExecutor.java:615)
	at java.lang.Thread.run(Thread.java:744)
2015-03-13 18:25:44,975 - Parser Exception: /ajax/image-editor.html
org.apache.velocity.runtime.parser.ParseException: Encountered ");\n\t\t\t});\n\n\t\t\tfunction updatePreview(c) {\n\t\t\t\tif (parseInt(c.w) > 0) {\n\t\t\t\t\tvar rx = xsize / c.w;\n\t\t\t\t\tvar ry = ysize / c.h;\n\n\t\t\t\t\t" at line 728, column 70.
Was expecting one of:
    "[" ...
    "," ...
    ")" ...
    <WHITESPACE> ...
    
	at org.apache.velocity.runtime.parser.Parser.generateParseException(Parser.java:3679)
	at org.apache.velocity.runtime.parser.Parser.jj_consume_token(Parser.java:3558)
	at org.apache.velocity.runtime.parser.Parser.Method(Parser.java:1364)
	at org.apache.velocity.runtime.parser.Parser.Reference(Parser.java:1446)
	at org.apache.velocity.runtime.parser.Parser.Statement(Parser.java:357)
	at org.apache.velocity.runtime.parser.Parser.process(Parser.java:317)
	at org.apache.velocity.runtime.parser.Parser.parse(Parser.java:117)
	at org.apache.velocity.runtime.RuntimeInstance.parse(RuntimeInstance.java:1226)
	at org.apache.velocity.runtime.RuntimeInstance.parse(RuntimeInstance.java:1181)
	at org.apache.velocity.Template.process(Template.java:134)
	at org.apache.velocity.runtime.resource.ResourceManagerImpl.loadResource(ResourceManagerImpl.java:437)
	at org.apache.velocity.runtime.resource.ResourceManagerImpl.getResource(ResourceManagerImpl.java:352)
	at org.apache.velocity.runtime.RuntimeInstance.getTemplate(RuntimeInstance.java:1533)
	at org.apache.velocity.app.VelocityEngine.getTemplate(VelocityEngine.java:392)
	at net.ion.external.ics.common.HTMLTemplateEngine.process(HTMLTemplateEngine.java:115)
	at net.ion.nradon.handler.AbstractResourceHandler$1.run(AbstractResourceHandler.java:99)
	at java.util.concurrent.ThreadPoolExecutor.runWorker(ThreadPoolExecutor.java:1145)
	at java.util.concurrent.ThreadPoolExecutor$Worker.run(ThreadPoolExecutor.java:615)
	at java.lang.Thread.run(Thread.java:744)
2015-03-13 18:25:44,975 - ResourceManager.getResource() parse exception
org.apache.velocity.exception.ParseErrorException: Encountered ");\n\t\t\t});\n\n\t\t\tfunction updatePreview(c) {\n\t\t\t\tif (parseInt(c.w) > 0) {\n\t\t\t\t\tvar rx = xsize / c.w;\n\t\t\t\t\tvar ry = ysize / c.h;\n\n\t\t\t\t\t" at /ajax/image-editor.html[line 728, column 70]
Was expecting one of:
    "[" ...
    "," ...
    ")" ...
    <WHITESPACE> ...
    
	at org.apache.velocity.Template.process(Template.java:151)
	at org.apache.velocity.runtime.resource.ResourceManagerImpl.loadResource(ResourceManagerImpl.java:437)
	at org.apache.velocity.runtime.resource.ResourceManagerImpl.getResource(ResourceManagerImpl.java:352)
	at org.apache.velocity.runtime.RuntimeInstance.getTemplate(RuntimeInstance.java:1533)
	at org.apache.velocity.app.VelocityEngine.getTemplate(VelocityEngine.java:392)
	at net.ion.external.ics.common.HTMLTemplateEngine.process(HTMLTemplateEngine.java:115)
	at net.ion.nradon.handler.AbstractResourceHandler$1.run(AbstractResourceHandler.java:99)
	at java.util.concurrent.ThreadPoolExecutor.runWorker(ThreadPoolExecutor.java:1145)
	at java.util.concurrent.ThreadPoolExecutor$Worker.run(ThreadPoolExecutor.java:615)
	at java.lang.Thread.run(Thread.java:744)
2015-03-16 10:26:31,371 - Parser Exception: /ajax/image-editor.html
org.apache.velocity.runtime.parser.ParseException: Encountered ");\n\t\t\t});\n\n\t\t\tfunction updatePreview(c) {\n\t\t\t\tif (parseInt(c.w) > 0) {\n\t\t\t\t\tvar rx = xsize / c.w;\n\t\t\t\t\tvar ry = ysize / c.h;\n\n\t\t\t\t\t" at line 728, column 70.
Was expecting one of:
    "[" ...
    "," ...
    ")" ...
    <WHITESPACE> ...
    
	at org.apache.velocity.runtime.parser.Parser.generateParseException(Parser.java:3679)
	at org.apache.velocity.runtime.parser.Parser.jj_consume_token(Parser.java:3558)
	at org.apache.velocity.runtime.parser.Parser.Method(Parser.java:1364)
	at org.apache.velocity.runtime.parser.Parser.Reference(Parser.java:1446)
	at org.apache.velocity.runtime.parser.Parser.Statement(Parser.java:357)
	at org.apache.velocity.runtime.parser.Parser.process(Parser.java:317)
	at org.apache.velocity.runtime.parser.Parser.parse(Parser.java:117)
	at org.apache.velocity.runtime.RuntimeInstance.parse(RuntimeInstance.java:1226)
	at org.apache.velocity.runtime.RuntimeInstance.parse(RuntimeInstance.java:1181)
	at org.apache.velocity.Template.process(Template.java:134)
	at org.apache.velocity.runtime.resource.ResourceManagerImpl.loadResource(ResourceManagerImpl.java:437)
	at org.apache.velocity.runtime.resource.ResourceManagerImpl.getResource(ResourceManagerImpl.java:352)
	at org.apache.velocity.runtime.RuntimeInstance.getTemplate(RuntimeInstance.java:1533)
	at org.apache.velocity.app.VelocityEngine.getTemplate(VelocityEngine.java:392)
	at net.ion.external.ics.common.HTMLTemplateEngine.process(HTMLTemplateEngine.java:115)
	at net.ion.nradon.handler.AbstractResourceHandler$1.run(AbstractResourceHandler.java:99)
	at java.util.concurrent.ThreadPoolExecutor.runWorker(ThreadPoolExecutor.java:1145)
	at java.util.concurrent.ThreadPoolExecutor$Worker.run(ThreadPoolExecutor.java:615)
	at java.lang.Thread.run(Thread.java:744)
2015-03-16 10:26:31,371 - ResourceManager.getResource() parse exception
org.apache.velocity.exception.ParseErrorException: Encountered ");\n\t\t\t});\n\n\t\t\tfunction updatePreview(c) {\n\t\t\t\tif (parseInt(c.w) > 0) {\n\t\t\t\t\tvar rx = xsize / c.w;\n\t\t\t\t\tvar ry = ysize / c.h;\n\n\t\t\t\t\t" at /ajax/image-editor.html[line 728, column 70]
Was expecting one of:
    "[" ...
    "," ...
    ")" ...
    <WHITESPACE> ...
    
	at org.apache.velocity.Template.process(Template.java:151)
	at org.apache.velocity.runtime.resource.ResourceManagerImpl.loadResource(ResourceManagerImpl.java:437)
	at org.apache.velocity.runtime.resource.ResourceManagerImpl.getResource(ResourceManagerImpl.java:352)
	at org.apache.velocity.runtime.RuntimeInstance.getTemplate(RuntimeInstance.java:1533)
	at org.apache.velocity.app.VelocityEngine.getTemplate(VelocityEngine.java:392)
	at net.ion.external.ics.common.HTMLTemplateEngine.process(HTMLTemplateEngine.java:115)
	at net.ion.nradon.handler.AbstractResourceHandler$1.run(AbstractResourceHandler.java:99)
	at java.util.concurrent.ThreadPoolExecutor.runWorker(ThreadPoolExecutor.java:1145)
	at java.util.concurrent.ThreadPoolExecutor$Worker.run(ThreadPoolExecutor.java:615)
	at java.lang.Thread.run(Thread.java:744)
2015-04-21 11:38:21,934 - Parser Exception: /ajax/image-editor.html
org.apache.velocity.runtime.parser.ParseException: Encountered ");\n\t\t\t});\n\n\t\t\tfunction updatePreview(c) {\n\t\t\t\tif (parseInt(c.w) > 0) {\n\t\t\t\t\tvar rx = xsize / c.w;\n\t\t\t\t\tvar ry = ysize / c.h;\n\n\t\t\t\t\t" at line 728, column 70.
Was expecting one of:
    "[" ...
    "," ...
    ")" ...
    <WHITESPACE> ...
    
	at org.apache.velocity.runtime.parser.Parser.generateParseException(Parser.java:3679)
	at org.apache.velocity.runtime.parser.Parser.jj_consume_token(Parser.java:3558)
	at org.apache.velocity.runtime.parser.Parser.Method(Parser.java:1364)
	at org.apache.velocity.runtime.parser.Parser.Reference(Parser.java:1446)
	at org.apache.velocity.runtime.parser.Parser.Statement(Parser.java:357)
	at org.apache.velocity.runtime.parser.Parser.process(Parser.java:317)
	at org.apache.velocity.runtime.parser.Parser.parse(Parser.java:117)
	at org.apache.velocity.runtime.RuntimeInstance.parse(RuntimeInstance.java:1226)
	at org.apache.velocity.runtime.RuntimeInstance.parse(RuntimeInstance.java:1181)
	at org.apache.velocity.Template.process(Template.java:134)
	at org.apache.velocity.runtime.resource.ResourceManagerImpl.loadResource(ResourceManagerImpl.java:437)
	at org.apache.velocity.runtime.resource.ResourceManagerImpl.getResource(ResourceManagerImpl.java:352)
	at org.apache.velocity.runtime.RuntimeInstance.getTemplate(RuntimeInstance.java:1533)
	at org.apache.velocity.app.VelocityEngine.getTemplate(VelocityEngine.java:392)
	at net.ion.external.ics.common.HTMLTemplateEngine.process(HTMLTemplateEngine.java:116)
	at net.ion.nradon.handler.AbstractResourceHandler$1.run(AbstractResourceHandler.java:99)
	at java.util.concurrent.ThreadPoolExecutor.runWorker(ThreadPoolExecutor.java:1145)
	at java.util.concurrent.ThreadPoolExecutor$Worker.run(ThreadPoolExecutor.java:615)
	at java.lang.Thread.run(Thread.java:744)
2015-04-21 11:38:21,936 - ResourceManager.getResource() parse exception
org.apache.velocity.exception.ParseErrorException: Encountered ");\n\t\t\t});\n\n\t\t\tfunction updatePreview(c) {\n\t\t\t\tif (parseInt(c.w) > 0) {\n\t\t\t\t\tvar rx = xsize / c.w;\n\t\t\t\t\tvar ry = ysize / c.h;\n\n\t\t\t\t\t" at /ajax/image-editor.html[line 728, column 70]
Was expecting one of:
    "[" ...
    "," ...
    ")" ...
    <WHITESPACE> ...
    
	at org.apache.velocity.Template.process(Template.java:151)
	at org.apache.velocity.runtime.resource.ResourceManagerImpl.loadResource(ResourceManagerImpl.java:437)
	at org.apache.velocity.runtime.resource.ResourceManagerImpl.getResource(ResourceManagerImpl.java:352)
	at org.apache.velocity.runtime.RuntimeInstance.getTemplate(RuntimeInstance.java:1533)
	at org.apache.velocity.app.VelocityEngine.getTemplate(VelocityEngine.java:392)
	at net.ion.external.ics.common.HTMLTemplateEngine.process(HTMLTemplateEngine.java:116)
	at net.ion.nradon.handler.AbstractResourceHandler$1.run(AbstractResourceHandler.java:99)
	at java.util.concurrent.ThreadPoolExecutor.runWorker(ThreadPoolExecutor.java:1145)
	at java.util.concurrent.ThreadPoolExecutor$Worker.run(ThreadPoolExecutor.java:615)
	at java.lang.Thread.run(Thread.java:744)
2015-04-21 18:56:30,132 - Parser Exception: /ajax/plugins.html
org.apache.velocity.runtime.parser.ParseException: Encountered ");\n\t\t\t\t\t\t this." at line 1464, column 96.
Was expecting one of:
    "[" ...
    "," ...
    ")" ...
    <WHITESPACE> ...
    
	at org.apache.velocity.runtime.parser.Parser.generateParseException(Parser.java:3679)
	at org.apache.velocity.runtime.parser.Parser.jj_consume_token(Parser.java:3558)
	at org.apache.velocity.runtime.parser.Parser.Method(Parser.java:1364)
	at org.apache.velocity.runtime.parser.Parser.Reference(Parser.java:1446)
	at org.apache.velocity.runtime.parser.Parser.Statement(Parser.java:357)
	at org.apache.velocity.runtime.parser.Parser.process(Parser.java:317)
	at org.apache.velocity.runtime.parser.Parser.parse(Parser.java:117)
	at org.apache.velocity.runtime.RuntimeInstance.parse(RuntimeInstance.java:1226)
	at org.apache.velocity.runtime.RuntimeInstance.parse(RuntimeInstance.java:1181)
	at org.apache.velocity.Template.process(Template.java:134)
	at org.apache.velocity.runtime.resource.ResourceManagerImpl.loadResource(ResourceManagerImpl.java:437)
	at org.apache.velocity.runtime.resource.ResourceManagerImpl.getResource(ResourceManagerImpl.java:352)
	at org.apache.velocity.runtime.RuntimeInstance.getTemplate(RuntimeInstance.java:1533)
	at org.apache.velocity.app.VelocityEngine.getTemplate(VelocityEngine.java:392)
	at net.ion.external.ics.common.HTMLTemplateEngine.process(HTMLTemplateEngine.java:116)
	at net.ion.nradon.handler.AbstractResourceHandler$1.run(AbstractResourceHandler.java:99)
	at java.util.concurrent.ThreadPoolExecutor.runWorker(ThreadPoolExecutor.java:1145)
	at java.util.concurrent.ThreadPoolExecutor$Worker.run(ThreadPoolExecutor.java:615)
	at java.lang.Thread.run(Thread.java:744)
2015-04-21 18:56:30,135 - ResourceManager.getResource() parse exception
org.apache.velocity.exception.ParseErrorException: Encountered ");\n\t\t\t\t\t\t this." at /ajax/plugins.html[line 1464, column 96]
Was expecting one of:
    "[" ...
    "," ...
    ")" ...
    <WHITESPACE> ...
    
	at org.apache.velocity.Template.process(Template.java:151)
	at org.apache.velocity.runtime.resource.ResourceManagerImpl.loadResource(ResourceManagerImpl.java:437)
	at org.apache.velocity.runtime.resource.ResourceManagerImpl.getResource(ResourceManagerImpl.java:352)
	at org.apache.velocity.runtime.RuntimeInstance.getTemplate(RuntimeInstance.java:1533)
	at org.apache.velocity.app.VelocityEngine.getTemplate(VelocityEngine.java:392)
	at net.ion.external.ics.common.HTMLTemplateEngine.process(HTMLTemplateEngine.java:116)
	at net.ion.nradon.handler.AbstractResourceHandler$1.run(AbstractResourceHandler.java:99)
	at java.util.concurrent.ThreadPoolExecutor.runWorker(ThreadPoolExecutor.java:1145)
	at java.util.concurrent.ThreadPoolExecutor$Worker.run(ThreadPoolExecutor.java:615)
	at java.lang.Thread.run(Thread.java:744)
2015-04-21 18:57:16,869 - ResourceManager.getResource() parse exception
org.apache.velocity.exception.ParseErrorException: Lexical error,   Encountered: "+" (43), after : "" at /ajax/dashboard.html[line 969, column 91]
	at org.apache.velocity.Template.process(Template.java:151)
	at org.apache.velocity.runtime.resource.ResourceManagerImpl.loadResource(ResourceManagerImpl.java:437)
	at org.apache.velocity.runtime.resource.ResourceManagerImpl.getResource(ResourceManagerImpl.java:352)
	at org.apache.velocity.runtime.RuntimeInstance.getTemplate(RuntimeInstance.java:1533)
	at org.apache.velocity.app.VelocityEngine.getTemplate(VelocityEngine.java:392)
	at net.ion.external.ics.common.HTMLTemplateEngine.process(HTMLTemplateEngine.java:116)
	at net.ion.nradon.handler.AbstractResourceHandler$1.run(AbstractResourceHandler.java:99)
	at java.util.concurrent.ThreadPoolExecutor.runWorker(ThreadPoolExecutor.java:1145)
	at java.util.concurrent.ThreadPoolExecutor$Worker.run(ThreadPoolExecutor.java:615)
	at java.lang.Thread.run(Thread.java:744)
